app/build/intermediates/manifest_merge_blame_file/debug/manifest-merger-blame-debug-report.txt
1<?xml version="1.0" encoding="utf-8"?>
2<manifest xmlns:android="http://schemas.android.com/apk/res/android"
3    package="com.example.masionclarifiant"
4    android:versionCode="1"
5    android:versionName="1.0" >
6
7    <uses-sdk
8        android:minSdkVersion="15"
8-->src\main\AndroidManifest.xml
9        android:targetSdkVersion="29" />
9-->src\main\AndroidManifest.xml
10
11    <uses-permission android:name="android.permission.INTERNET" />
11-->src\main\AndroidManifest.xml:4:5-67
11-->src\main\AndroidManifest.xml:4:22-64
12
13    <application
13-->src\main\AndroidManifest.xml:5:5-31:19
14        android:allowBackup="true"
14-->src\main\AndroidManifest.xml:7:9-35
15        android:allowClearUserData="true"
15-->src\main\AndroidManifest.xml:8:9-42
16        android:appComponentFactory="androidx.core.app.CoreComponentFactory"
16-->[androidx.core:core:1.3.0] AndroidManifest.xml:24:18-86
17        android:debuggable="true"
18        android:icon="@mipmap/ic_launcher"
18-->src\main\AndroidManifest.xml:10:9-43
19        android:label="Masion Clarifiant"
19-->src\main\AndroidManifest.xml:9:9-42
20        android:largeHeap="true"
20-->src\main\AndroidManifest.xml:13:9-33
21        android:roundIcon="@mipmap/ic_launcher_round"
21-->src\main\AndroidManifest.xml:11:9-54
22        android:supportsRtl="true"
22-->src\main\AndroidManifest.xml:12:9-35
23        android:testOnly="true"
24        android:theme="@style/AppTheme"
24-->src\main\AndroidManifest.xml:14:9-40
25        android:usesCleartextTraffic="true" >
25-->src\main\AndroidManifest.xml:6:9-44
26        <activity
26-->src\main\AndroidManifest.xml:15:9-18:20
27            android:name="com.example.masionclarifiant.MainActivity"
27-->src\main\AndroidManifest.xml:15:19-47
28            android:configChanges="orientation|screenSize"
28-->src\main\AndroidManifest.xml:16:13-59
29            android:theme="@style/AppTheme.NoActionBar" >
29-->src\main\AndroidManifest.xml:17:13-56
30        </activity>
31        <activity android:name="com.example.masionclarifiant.LoadingActivity" >
31-->src\main\AndroidManifest.xml:19:9-20:20
31-->src\main\AndroidManifest.xml:19:19-50
32        </activity>
33        <activity android:name="com.example.masionclarifiant.LoginActivity" >
33-->src\main\AndroidManifest.xml:21:9-27:20
33-->src\main\AndroidManifest.xml:21:19-48
34            <intent-filter>
34-->src\main\AndroidManifest.xml:22:13-26:29
35                <action android:name="android.intent.action.MAIN" />
35-->src\main\AndroidManifest.xml:23:17-69
35-->src\main\AndroidManifest.xml:23:25-66
36
37                <category android:name="android.intent.category.LAUNCHER" />
37-->src\main\AndroidManifest.xml:25:17-77
37-->src\main\AndroidManifest.xml:25:27-74
38            </intent-filter>
39        </activity>
40        <activity android:name="com.example.masionclarifiant.RegisterActivity" />
40-->src\main\AndroidManifest.xml:28:9-63
40-->src\main\AndroidManifest.xml:28:19-51
41        <activity android:name="com.example.masionclarifiant.SelectActivity" />
41-->src\main\AndroidManifest.xml:29:9-61
41-->src\main\AndroidManifest.xml:29:19-49
42        <activity android:name="com.example.masionclarifiant.SelectResultActivity" />
42-->src\main\AndroidManifest.xml:30:9-67
42-->src\main\AndroidManifest.xml:30:19-55
43    </application>
44
45</manifest>